This is pdfTeX, Version 3.14159265-2.6-1.40.18 (TeX Live 2017/Debian) (preloaded format=pdflatex 2019.8.1)  13 AUG 2019 14:58
entering extended mode
 restricted \write18 enabled.
 %&-line parsing enabled.
**NAR-sample.tex
(./NAR-sample.tex
LaTeX2e <2017-04-15>
Babel <3.18> and hyphenation patterns for 84 language(s) loaded.
(./NAR.cls
Document Class: NAR 2007/03/23 v1.4b Standard LaTeX document class
(./fleqn.clo
File: fleqn.clo 1998/08/17 v1.1c Standard LaTeX option (flush left equations)
\mathindent=\dimen102
) (./crop.sty
Package: crop 2001/11/16 v1.6 cropmarks (mf)
\CROP@width=\dimen103
\CROP@height=\dimen104
\CROP@index=\count79

(/usr/share/texlive/texmf-dist/tex/latex/graphics/graphics.sty
Package: graphics 2017/06/25 v1.2c Standard LaTeX Graphics (DPC,SPQR)

(/usr/share/texlive/texmf-dist/tex/latex/graphics/trig.sty
Package: trig 2016/01/03 v1.10 sin cos tan (DPC)
)
(/usr/share/texlive/texmf-dist/tex/latex/graphics-cfg/graphics.cfg
File: graphics.cfg 2016/06/04 v1.11 sample graphics configuration
)
Package graphics Info: Driver file: pdftex.def on input line 99.

(/usr/share/texlive/texmf-dist/tex/latex/graphics-def/pdftex.def
File: pdftex.def 2018/01/08 v1.0l Graphics/color driver for pdftex
))
\CROP@offset=\count80
Package crop Info: Local config file crop.cfg used on input line 346.

(/usr/share/texlive/texmf-dist/tex/xelatex/xetexconfig/crop.cfg))
Package crop Info: using pdf(la)tex graphics driver on input line 76.

(/usr/share/texlive/texmf-dist/tex/latex/base/inputenc.sty
Package: inputenc 2015/03/17 v1.2c Input encoding file
\inpenc@prehook=\toks14
\inpenc@posthook=\toks15
)
(/usr/share/texlive/texmf-dist/tex/latex/amsmath/amsmath.sty
Package: amsmath 2017/09/02 v2.17a AMS math features
\@mathmargin=\skip41

For additional information on amsmath, use the `?' option.
(/usr/share/texlive/texmf-dist/tex/latex/amsmath/amstext.sty
Package: amstext 2000/06/29 v2.01 AMS text

(/usr/share/texlive/texmf-dist/tex/latex/amsmath/amsgen.sty
File: amsgen.sty 1999/11/30 v2.0 generic functions
\@emptytoks=\toks16
\ex@=\dimen105
))
(/usr/share/texlive/texmf-dist/tex/latex/amsmath/amsbsy.sty
Package: amsbsy 1999/11/29 v1.2d Bold Symbols
\pmbraise@=\dimen106
)
(/usr/share/texlive/texmf-dist/tex/latex/amsmath/amsopn.sty
Package: amsopn 2016/03/08 v2.02 operator names
)
\inf@bad=\count81
LaTeX Info: Redefining \frac on input line 213.
\uproot@=\count82
\leftroot@=\count83
LaTeX Info: Redefining \overline on input line 375.
\classnum@=\count84
\DOTSCASE@=\count85
LaTeX Info: Redefining \ldots on input line 472.
LaTeX Info: Redefining \dots on input line 475.
LaTeX Info: Redefining \cdots on input line 596.
\Mathstrutbox@=\box26
\strutbox@=\box27
\big@size=\dimen107
LaTeX Font Info:    Redeclaring font encoding OML on input line 712.
LaTeX Font Info:    Redeclaring font encoding OMS on input line 713.
\macc@depth=\count86
\c@MaxMatrixCols=\count87
\dotsspace@=\muskip10
\c@parentequation=\count88
\dspbrk@lvl=\count89
\tag@help=\toks17
\row@=\count90
\column@=\count91
\maxfields@=\count92
\andhelp@=\toks18
\eqnshift@=\dimen108
\alignsep@=\dimen109
\tagshift@=\dimen110
\tagwidth@=\dimen111
\totwidth@=\dimen112
\lineht@=\dimen113
\@envbody=\toks19
\multlinegap=\skip42
\multlinetaggap=\skip43
\mathdisplay@stack=\toks20
LaTeX Info: Redefining \[ on input line 2817.
LaTeX Info: Redefining \] on input line 2818.
)
(/usr/share/texlive/texmf-dist/tex/latex/amsfonts/amssymb.sty
Package: amssymb 2013/01/14 v3.01 AMS font symbols

(/usr/share/texlive/texmf-dist/tex/latex/amsfonts/amsfonts.sty
Package: amsfonts 2013/01/14 v3.01 Basic AMSFonts support
\symAMSa=\mathgroup4
\symAMSb=\mathgroup5
LaTeX Font Info:    Overwriting math alphabet `\mathfrak' in version `bold'
(Font)                  U/euf/m/n --> U/euf/b/n on input line 106.
))
(/usr/share/texlive/texmf-dist/tex/latex/base/latexsym.sty
Package: latexsym 1998/08/17 v2.2e Standard LaTeX package (lasy symbols)
\symlasy=\mathgroup6
LaTeX Font Info:    Overwriting symbol font `lasy' in version `bold'
(Font)                  U/lasy/m/n --> U/lasy/b/n on input line 52.
)
(/usr/share/texlive/texmf-dist/tex/latex/float/float.sty
Package: float 2001/11/08 v1.3d Float enhancements (AL)
\c@float@type=\count93
\float@exts=\toks21
\float@box=\box28
\@float@everytoks=\toks22
\@floatcapt=\box29
)
(/usr/share/texlive/texmf-dist/tex/latex/graphics/epsfig.sty
Package: epsfig 2017/06/25 v1.7b (e)psfig emulation (SPQR)

(/usr/share/texlive/texmf-dist/tex/latex/graphics/graphicx.sty
Package: graphicx 2017/06/01 v1.1a Enhanced LaTeX Graphics (DPC,SPQR)

(/usr/share/texlive/texmf-dist/tex/latex/graphics/keyval.sty
Package: keyval 2014/10/28 v1.15 key=value parser (DPC)
\KV@toks@=\toks23
)
\Gin@req@height=\dimen114
\Gin@req@width=\dimen115
)
\epsfxsize=\dimen116
\epsfysize=\dimen117
)
(/usr/share/texlive/texmf-dist/tex/latex/wrapfig/wrapfig.sty
\wrapoverhang=\dimen118
\WF@size=\dimen119
\c@WF@wrappedlines=\count94
\WF@box=\box30
\WF@everypar=\toks24
Package: wrapfig 2003/01/31  v 3.6
)
(/usr/share/texlive/texmf-dist/tex/latex/sttools/stfloats.sty
Package: stfloats 2017/03/27 v3.3 Improve float mechanism and baselineskip sett
ings
\@dblbotnum=\count95
\c@dblbotnumber=\count96
)
(/usr/share/texlive/texmf-dist/tex/latex/tools/multicol.sty
Package: multicol 2017/04/11 v1.8q multicolumn formatting (FMi)
\c@tracingmulticols=\count97
\mult@box=\box31
\multicol@leftmargin=\dimen120
\c@unbalance=\count98
\c@collectmore=\count99
\doublecol@number=\count100
\multicoltolerance=\count101
\multicolpretolerance=\count102
\full@width=\dimen121
\page@free=\dimen122
\premulticols=\dimen123
\postmulticols=\dimen124
\multicolsep=\skip44
\multicolbaselineskip=\skip45
\partial@page=\box32
\last@line=\box33
\maxbalancingoverflow=\dimen125
\mult@rightbox=\box34
\mult@grightbox=\box35
\mult@gfirstbox=\box36
\mult@firstbox=\box37
\@tempa=\box38
\@tempa=\box39
\@tempa=\box40
\@tempa=\box41
\@tempa=\box42
\@tempa=\box43
\@tempa=\box44
\@tempa=\box45
\@tempa=\box46
\@tempa=\box47
\@tempa=\box48
\@tempa=\box49
\@tempa=\box50
\@tempa=\box51
\@tempa=\box52
\@tempa=\box53
\@tempa=\box54
\c@columnbadness=\count103
\c@finalcolumnbadness=\count104
\last@try=\dimen126
\multicolovershoot=\dimen127
\multicolundershoot=\dimen128
\mult@nat@firstbox=\box55
\colbreak@box=\box56
\mc@col@check@num=\count105
)
(/usr/share/texlive/texmf-dist/tex/latex/graphics/rotating.sty
Package: rotating 2016/08/11 v2.16d rotated objects in LaTeX

(/usr/share/texlive/texmf-dist/tex/latex/base/ifthen.sty
Package: ifthen 2014/09/29 v1.1c Standard LaTeX ifthen package (DPC)
)
\c@r@tfl@t=\count106
\rotFPtop=\skip46
\rotFPbot=\skip47
\rot@float@box=\box57
\rot@mess@toks=\toks25
)
(/usr/share/texlive/texmf-dist/tex/latex/multirow/multirow.sty
Package: multirow 2016/11/25 v2.2 Span multiple rows of a table
\multirow@colwidth=\skip48
\multirow@cntb=\count107
\multirow@dima=\skip49
\bigstrutjot=\dimen129
)
(/usr/share/texlive/texmf-dist/tex/latex/tools/dcolumn.sty
Package: dcolumn 2014/10/28 v1.06 decimal alignment package (DPC)

(/usr/share/texlive/texmf-dist/tex/latex/tools/array.sty
Package: array 2016/10/06 v2.4d Tabular extension package (FMi)
\col@sep=\dimen130
\extrarowheight=\dimen131
\NC@list=\toks26
\extratabsurround=\skip50
\backup@length=\skip51
))
(/usr/share/texlive/texmf-dist/tex/latex/boxedminipage/boxedminipage.sty)
(/usr/share/texlive/texmf-dist/tex/latex/base/makeidx.sty
Package: makeidx 2014/09/29 v1.0m Standard LaTeX package
)
(/usr/share/texlive/texmf-dist/tex/latex/soul/soul.sty
Package: soul 2003/11/17 v2.4 letterspacing/underlining (mf)
\SOUL@word=\toks27
\SOUL@lasttoken=\toks28
\SOUL@cmds=\toks29
\SOUL@buffer=\toks30
\SOUL@token=\toks31
\SOUL@spaceskip=\skip52
\SOUL@ttwidth=\dimen132
\SOUL@uldp=\dimen133
\SOUL@ulht=\dimen134
)
(/usr/share/texlive/texmf-dist/tex/latex/url/url.sty
\Urlmuskip=\muskip11
Package: url 2013/09/16  ver 3.4  Verb mode for urls, etc.
)
(/usr/share/texlive/texmf-dist/tex/latex/tools/xspace.sty
Package: xspace 2014/10/28 v1.13 Space after command names (DPC,MH)
) (./times.sty
Package: times 2000/01/12 PSNFSS-v8.1 Times font as default roman (SPQR) 
)
\jnameskip=\skip53
\titleskip=\dimen135
\ruleskip=\dimen136
\ruleht=\dimen137
\droplines=\count108
\dropsep=\dimen138
\capvskip=\skip54
\caphskip=\skip55
\capwd=\dimen139
\droplinewd=\dimen140
\c@part=\count109
\c@section=\count110
\c@subsection=\count111
\c@subsubsection=\count112
\c@paragraph=\count113
\c@subparagraph=\count114
\labelwidthi=\dimen141
\labelwidthii=\dimen142
\labelwidthiii=\dimen143
\labelwidthiv=\dimen144
\topsepi=\skip56
\topsepii=\skip57
\topsepiii=\skip58
\topsepiv=\skip59
\itemsepi=\skip60
\itemsepii=\skip61
\itemsepiii=\skip62
\itemsepiv=\skip63
\labelsepi=\dimen145
\labelsepii=\dimen146
\labelsepiii=\dimen147
\labelsepiv=\dimen148
\parsepi=\dimen149
\parsepii=\dimen150
\parsepiii=\dimen151
\parsepiv=\dimen152
\rightmargini=\dimen153
\rightmarginii=\dimen154
\rightmarginiii=\dimen155
\rightmarginiv=\dimen156
\itemindenti=\dimen157
\itemindentii=\dimen158
\itemindentiii=\dimen159
\itemindentiv=\dimen160
\labelleftmargin=\dimen161
\c@figure=\count115
\c@table=\count116
\abovecaptionskip=\skip64
\belowcaptionskip=\skip65
\figurewidth=\dimen162
\figureheight=\dimen163
\dwidth=\dimen164
\dheight=\dimen165
\ncolumns=\count117
\nrows=\count118
\tablewd=\dimen166
\tablewidth=\dimen167
\captionwd=\dimen168
\tempbox=\box58
\tableleftskip=\skip66
\tablerightskip=\skip67
\tablecapleftskip=\skip68
\tablecaprightskip=\skip69
\tablefootleftskip=\skip70
\tablefootrightskip=\skip71
\footnumskip=\dimen169
\bibindent=\dimen170
\maxbibwd=\dimen171

(./NAR-natbib.sty
Package: NAR-natbib 2000/07/24 7.0a (PWD)
\bibhang=\skip72
\bibsep=\skip73
LaTeX Info: Redefining \cite on input line 509.
\c@NAT@ctr=\count119
)
\hours=\count120
\minutes=\count121
\grid@sidemargin=\dimen172
\grid@wd=\dimen173
\grid@ht=\dimen174
\grid@linewd=\dimen175
\grid@topofline=\dimen176
LaTeX Info: Redefining \textso on input line 1856.
\currfontsize=\dimen177
 (/usr/share/texlive/texmf-dist/tex/latex/amscls/amsthm.sty
Package: amsthm 2017/10/31 v2.20.4
\thm@style=\toks32
\thm@bodyfont=\toks33
\thm@headfont=\toks34
\thm@notefont=\toks35
\thm@headpunct=\toks36
\thm@preskip=\skip74
\thm@postskip=\skip75
\thm@headsep=\skip76
\dth@everypar=\toks37
)
\@indexfile=\write3
\openout3 = `NAR-sample.idx'.


Writing index file NAR-sample.idx
) (/usr/share/texlive/texmf-dist/tex/latex/booktabs/booktabs.sty
Package: booktabs 2016/04/27 v1.618033 publication quality tables
\heavyrulewidth=\dimen178
\lightrulewidth=\dimen179
\cmidrulewidth=\dimen180
\belowrulesep=\dimen181
\belowbottomsep=\dimen182
\aboverulesep=\dimen183
\abovetopsep=\dimen184
\cmidrulesep=\dimen185
\cmidrulekern=\dimen186
\defaultaddspace=\dimen187
\@cmidla=\count122
\@cmidlb=\count123
\@aboverulesep=\dimen188
\@belowrulesep=\dimen189
\@thisruleclass=\count124
\@lastruleclass=\count125
\@thisrulewidth=\dimen190
)
(/usr/share/texlive/texmf-dist/tex/latex/colortbl/colortbl.sty
Package: colortbl 2012/02/13 v1.0a Color table columns (DPC)

(/usr/share/texlive/texmf-dist/tex/latex/graphics/color.sty
Package: color 2016/07/10 v1.1e Standard LaTeX Color (DPC)

(/usr/share/texlive/texmf-dist/tex/latex/graphics-cfg/color.cfg
File: color.cfg 2016/01/02 v1.6 sample color configuration
)
Package color Info: Driver file: pdftex.def on input line 147.
)
\everycr=\toks38
\minrowclearance=\skip77
)
(/usr/share/texlive/texmf-dist/tex/latex/xcolor/xcolor.sty
Package: xcolor 2016/05/11 v2.12 LaTeX color extensions (UK)

(/usr/share/texlive/texmf-dist/tex/latex/graphics-cfg/color.cfg
File: color.cfg 2016/01/02 v1.6 sample color configuration
)
Package xcolor Info: Driver file: pdftex.def on input line 225.
LaTeX Info: Redefining \color on input line 709.
Package xcolor Info: Model `cmy' substituted by `cmy0' on input line 1348.
Package xcolor Info: Model `hsb' substituted by `rgb' on input line 1352.
Package xcolor Info: Model `RGB' extended on input line 1364.
Package xcolor Info: Model `HTML' substituted by `rgb' on input line 1366.
Package xcolor Info: Model `Hsb' substituted by `hsb' on input line 1367.
Package xcolor Info: Model `tHsb' substituted by `hsb' on input line 1368.
Package xcolor Info: Model `HSB' substituted by `hsb' on input line 1369.
Package xcolor Info: Model `Gray' substituted by `gray' on input line 1370.
Package xcolor Info: Model `wave' substituted by `hsb' on input line 1371.
)
(/usr/share/texlive/texmf-dist/tex/latex/l3packages/xfrac/xfrac.sty
(/usr/share/texlive/texmf-dist/tex/latex/l3kernel/expl3.sty
Package: expl3 2018/02/21 L3 programming layer (loader) 

(/usr/share/texlive/texmf-dist/tex/latex/l3kernel/expl3-code.tex
Package: expl3 2018/02/21 L3 programming layer (code)
\c_max_int=\count126
\l_tmpa_int=\count127
\l_tmpb_int=\count128
\g_tmpa_int=\count129
\g_tmpb_int=\count130
\g__intarray_font_int=\count131
\g__prg_map_int=\count132
\c_log_iow=\count133
\l_iow_line_count_int=\count134
\l__iow_line_target_int=\count135
\l__iow_one_indent_int=\count136
\l__iow_indent_int=\count137
\c_zero_dim=\dimen191
\c_max_dim=\dimen192
\l_tmpa_dim=\dimen193
\l_tmpb_dim=\dimen194
\g_tmpa_dim=\dimen195
\g_tmpb_dim=\dimen196
\c_zero_skip=\skip78
\c_max_skip=\skip79
\l_tmpa_skip=\skip80
\l_tmpb_skip=\skip81
\g_tmpa_skip=\skip82
\g_tmpb_skip=\skip83
\c_zero_muskip=\muskip12
\c_max_muskip=\muskip13
\l_tmpa_muskip=\muskip14
\l_tmpb_muskip=\muskip15
\g_tmpa_muskip=\muskip16
\g_tmpb_muskip=\muskip17
\l_keys_choice_int=\count138
\c__fp_leading_shift_int=\count139
\c__fp_middle_shift_int=\count140
\c__fp_trailing_shift_int=\count141
\c__fp_big_leading_shift_int=\count142
\c__fp_big_middle_shift_int=\count143
\c__fp_big_trailing_shift_int=\count144
\c__fp_Bigg_leading_shift_int=\count145
\c__fp_Bigg_middle_shift_int=\count146
\c__fp_Bigg_trailing_shift_int=\count147
\c__fp_rand_size_int=\count148
\c__fp_rand_four_int=\count149
\c__fp_rand_eight_int=\count150
\l__sort_length_int=\count151
\l__sort_min_int=\count152
\l__sort_top_int=\count153
\l__sort_max_int=\count154
\l__sort_true_max_int=\count155
\l__sort_block_int=\count156
\l__sort_begin_int=\count157
\l__sort_end_int=\count158
\l__sort_A_int=\count159
\l__sort_B_int=\count160
\l__sort_C_int=\count161
\l__tl_build_start_index_int=\count162
\l__tl_build_index_int=\count163
\l__tl_analysis_normal_int=\count164
\l__tl_analysis_index_int=\count165
\l__tl_analysis_nesting_int=\count166
\l__tl_analysis_type_int=\count167
\l__regex_internal_a_int=\count168
\l__regex_internal_b_int=\count169
\l__regex_internal_c_int=\count170
\l__regex_balance_int=\count171
\l__regex_group_level_int=\count172
\l__regex_mode_int=\count173
\c__regex_cs_in_class_mode_int=\count174
\c__regex_cs_mode_int=\count175
\l__regex_catcodes_int=\count176
\l__regex_default_catcodes_int=\count177
\c__regex_catcode_D_int=\count178
\c__regex_catcode_S_int=\count179
\c__regex_catcode_L_int=\count180
\c__regex_catcode_O_int=\count181
\c__regex_catcode_A_int=\count182
\c__regex_all_catcodes_int=\count183
\l__regex_show_lines_int=\count184
\l__regex_min_state_int=\count185
\l__regex_max_state_int=\count186
\l__regex_left_state_int=\count187
\l__regex_right_state_int=\count188
\l__regex_capturing_group_int=\count189
\l__regex_min_pos_int=\count190
\l__regex_max_pos_int=\count191
\l__regex_curr_pos_int=\count192
\l__regex_start_pos_int=\count193
\l__regex_success_pos_int=\count194
\l__regex_curr_char_int=\count195
\l__regex_curr_catcode_int=\count196
\l__regex_last_char_int=\count197
\l__regex_case_changed_char_int=\count198
\l__regex_curr_state_int=\count199
\l__regex_step_int=\count266
\l__regex_min_active_int=\count267
\l__regex_max_active_int=\count268
\l__regex_replacement_csnames_int=\count269
\l__regex_match_count_int=\count270
\l__regex_min_submatch_int=\count271
\l__regex_submatch_int=\count272
\l__regex_zeroth_submatch_int=\count273
\g__regex_trace_regex_int=\count274
\c_empty_box=\box59
\l_tmpa_box=\box60
\l_tmpb_box=\box61
\g_tmpa_box=\box62
\g_tmpb_box=\box63
\l__box_top_dim=\dimen197
\l__box_bottom_dim=\dimen198
\l__box_left_dim=\dimen199
\l__box_right_dim=\dimen256
\l__box_top_new_dim=\dimen257
\l__box_bottom_new_dim=\dimen258
\l__box_left_new_dim=\dimen259
\l__box_right_new_dim=\dimen260
\l__box_internal_box=\box64
\l__coffin_internal_box=\box65
\l__coffin_internal_dim=\dimen261
\l__coffin_offset_x_dim=\dimen262
\l__coffin_offset_y_dim=\dimen263
\l__coffin_x_dim=\dimen264
\l__coffin_y_dim=\dimen265
\l__coffin_x_prime_dim=\dimen266
\l__coffin_y_prime_dim=\dimen267
\c_empty_coffin=\box66
\l__coffin_aligned_coffin=\box67
\l__coffin_aligned_internal_coffin=\box68
\l_tmpa_coffin=\box69
\l_tmpb_coffin=\box70
\l__coffin_display_coffin=\box71
\l__coffin_display_coord_coffin=\box72
\l__coffin_display_pole_coffin=\box73
\l__coffin_display_offset_dim=\dimen268
\l__coffin_display_x_dim=\dimen269
\l__coffin_display_y_dim=\dimen270
\l__coffin_bounding_shift_dim=\dimen271
\l__coffin_left_corner_dim=\dimen272
\l__coffin_right_corner_dim=\dimen273
\l__coffin_bottom_corner_dim=\dimen274
\l__coffin_top_corner_dim=\dimen275
\l__coffin_scaled_total_height_dim=\dimen276
\l__coffin_scaled_width_dim=\dimen277
)
(/usr/share/texlive/texmf-dist/tex/latex/l3kernel/l3pdfmode.def
File: l3pdfmode.def 2017/03/18 v L3 Experimental driver: PDF mode
\l__driver_color_stack_int=\count275
\l__driver_tmp_box=\box74
))
(/usr/share/texlive/texmf-dist/tex/latex/l3packages/l3keys2e/l3keys2e.sty
Package: l3keys2e 2018/02/21 LaTeX2e option processing using LaTeX3 keys
)
(/usr/share/texlive/texmf-dist/tex/latex/base/textcomp.sty
Package: textcomp 2017/04/05 v2.0i Standard LaTeX package
Package textcomp Info: Sub-encoding information:
(textcomp)               5 = only ISO-Adobe without \textcurrency
(textcomp)               4 = 5 + \texteuro
(textcomp)               3 = 4 + \textohm
(textcomp)               2 = 3 + \textestimated + \textcurrency
(textcomp)               1 = TS1 - \textcircled - \t
(textcomp)               0 = TS1 (full)
(textcomp)             Font families with sub-encoding setting implement
(textcomp)             only a restricted character set as indicated.
(textcomp)             Family '?' is the default used for unknown fonts.
(textcomp)             See the documentation for details.
Package textcomp Info: Setting ? sub-encoding to TS1/1 on input line 79.

(/usr/share/texlive/texmf-dist/tex/latex/base/ts1enc.def
File: ts1enc.def 2001/06/05 v3.0e (jk/car/fm) Standard LaTeX file
)
LaTeX Info: Redefining \oldstylenums on input line 334.
Package textcomp Info: Setting cmr sub-encoding to TS1/0 on input line 349.
Package textcomp Info: Setting cmss sub-encoding to TS1/0 on input line 350.
Package textcomp Info: Setting cmtt sub-encoding to TS1/0 on input line 351.
Package textcomp Info: Setting cmvtt sub-encoding to TS1/0 on input line 352.
Package textcomp Info: Setting cmbr sub-encoding to TS1/0 on input line 353.
Package textcomp Info: Setting cmtl sub-encoding to TS1/0 on input line 354.
Package textcomp Info: Setting ccr sub-encoding to TS1/0 on input line 355.
Package textcomp Info: Setting ptm sub-encoding to TS1/4 on input line 356.
Package textcomp Info: Setting pcr sub-encoding to TS1/4 on input line 357.
Package textcomp Info: Setting phv sub-encoding to TS1/4 on input line 358.
Package textcomp Info: Setting ppl sub-encoding to TS1/3 on input line 359.
Package textcomp Info: Setting pag sub-encoding to TS1/4 on input line 360.
Package textcomp Info: Setting pbk sub-encoding to TS1/4 on input line 361.
Package textcomp Info: Setting pnc sub-encoding to TS1/4 on input line 362.
Package textcomp Info: Setting pzc sub-encoding to TS1/4 on input line 363.
Package textcomp Info: Setting bch sub-encoding to TS1/4 on input line 364.
Package textcomp Info: Setting put sub-encoding to TS1/5 on input line 365.
Package textcomp Info: Setting uag sub-encoding to TS1/5 on input line 366.
Package textcomp Info: Setting ugq sub-encoding to TS1/5 on input line 367.
Package textcomp Info: Setting ul8 sub-encoding to TS1/4 on input line 368.
Package textcomp Info: Setting ul9 sub-encoding to TS1/4 on input line 369.
Package textcomp Info: Setting augie sub-encoding to TS1/5 on input line 370.
Package textcomp Info: Setting dayrom sub-encoding to TS1/3 on input line 371.
Package textcomp Info: Setting dayroms sub-encoding to TS1/3 on input line 372.

Package textcomp Info: Setting pxr sub-encoding to TS1/0 on input line 373.
Package textcomp Info: Setting pxss sub-encoding to TS1/0 on input line 374.
Package textcomp Info: Setting pxtt sub-encoding to TS1/0 on input line 375.
Package textcomp Info: Setting txr sub-encoding to TS1/0 on input line 376.
Package textcomp Info: Setting txss sub-encoding to TS1/0 on input line 377.
Package textcomp Info: Setting txtt sub-encoding to TS1/0 on input line 378.
Package textcomp Info: Setting lmr sub-encoding to TS1/0 on input line 379.
Package textcomp Info: Setting lmdh sub-encoding to TS1/0 on input line 380.
Package textcomp Info: Setting lmss sub-encoding to TS1/0 on input line 381.
Package textcomp Info: Setting lmssq sub-encoding to TS1/0 on input line 382.
Package textcomp Info: Setting lmvtt sub-encoding to TS1/0 on input line 383.
Package textcomp Info: Setting lmtt sub-encoding to TS1/0 on input line 384.
Package textcomp Info: Setting qhv sub-encoding to TS1/0 on input line 385.
Package textcomp Info: Setting qag sub-encoding to TS1/0 on input line 386.
Package textcomp Info: Setting qbk sub-encoding to TS1/0 on input line 387.
Package textcomp Info: Setting qcr sub-encoding to TS1/0 on input line 388.
Package textcomp Info: Setting qcs sub-encoding to TS1/0 on input line 389.
Package textcomp Info: Setting qpl sub-encoding to TS1/0 on input line 390.
Package textcomp Info: Setting qtm sub-encoding to TS1/0 on input line 391.
Package textcomp Info: Setting qzc sub-encoding to TS1/0 on input line 392.
Package textcomp Info: Setting qhvc sub-encoding to TS1/0 on input line 393.
Package textcomp Info: Setting futs sub-encoding to TS1/4 on input line 394.
Package textcomp Info: Setting futx sub-encoding to TS1/4 on input line 395.
Package textcomp Info: Setting futj sub-encoding to TS1/4 on input line 396.
Package textcomp Info: Setting hlh sub-encoding to TS1/3 on input line 397.
Package textcomp Info: Setting hls sub-encoding to TS1/3 on input line 398.
Package textcomp Info: Setting hlst sub-encoding to TS1/3 on input line 399.
Package textcomp Info: Setting hlct sub-encoding to TS1/5 on input line 400.
Package textcomp Info: Setting hlx sub-encoding to TS1/5 on input line 401.
Package textcomp Info: Setting hlce sub-encoding to TS1/5 on input line 402.
Package textcomp Info: Setting hlcn sub-encoding to TS1/5 on input line 403.
Package textcomp Info: Setting hlcw sub-encoding to TS1/5 on input line 404.
Package textcomp Info: Setting hlcf sub-encoding to TS1/5 on input line 405.
Package textcomp Info: Setting pplx sub-encoding to TS1/3 on input line 406.
Package textcomp Info: Setting pplj sub-encoding to TS1/3 on input line 407.
Package textcomp Info: Setting ptmx sub-encoding to TS1/4 on input line 408.
Package textcomp Info: Setting ptmj sub-encoding to TS1/4 on input line 409.
)
(/usr/share/texlive/texmf-dist/tex/latex/l3packages/xparse/xparse.sty
Package: xparse 2018/02/21 L3 Experimental document command parser
\l__xparse_current_arg_int=\count276
\g__xparse_grabber_int=\count277
\l__xparse_m_args_int=\count278
\l__xparse_mandatory_args_int=\count279
\l__xparse_v_nesting_int=\count280
)
(/usr/share/texlive/texmf-dist/tex/latex/l3packages/xtemplate/xtemplate.sty
Package: xtemplate 2018/02/21 L3 Experimental prototype document functions
\l__xtemplate_tmp_dim=\dimen278
\l__xtemplate_tmp_int=\count281
\l__xtemplate_tmp_muskip=\muskip18
\l__xtemplate_tmp_skip=\skip84
)
Package: xfrac 2018/02/21 L3 Experimental split-level fractions
\l__xfrac_slash_box=\box75
\l__xfrac_tmp_box=\box76
\l__xfrac_denominator_bot_sep_dim=\dimen279
\l__xfrac_numerator_bot_sep_dim=\dimen280
\l__xfrac_numerator_top_sep_dim=\dimen281
\l__xfrac_slash_left_sep_dim=\dimen282
\l__xfrac_slash_right_sep_dim=\dimen283
\l__xfrac_slash_left_muskip=\muskip19
\l__xfrac_slash_right_muskip=\muskip20
.................................................
. xtemplate info: "declare-object-type"
. 
. Declaring object type 'xfrac' taking 3 argument(s) on line 80.
.................................................
.................................................
. LaTeX info: "xparse/define-command"
. 
. Defining command \sfrac with sig. 'omom' on line 420.
.................................................
)
(/usr/share/texlive/texmf-dist/tex/latex/siunitx/siunitx.sty
Package: siunitx 2017/11/26 v2.7k A comprehensive (SI) units package
\l__siunitx_tmp_box=\box77
\l__siunitx_tmp_dim=\dimen284
\l__siunitx_tmp_int=\count282
\l__siunitx_number_mantissa_length_int=\count283
\l__siunitx_number_uncert_length_int=\count284
\l__siunitx_round_int=\count285
\l__siunitx_process_decimal_int=\count286
\l__siunitx_process_uncertainty_int=\count287
\l__siunitx_process_fixed_int=\count288
\l__siunitx_process_integer_min_int=\count289
\l__siunitx_process_precision_int=\count290
\l__siunitx_group_min_int=\count291
\l__siunitx_angle_marker_box=\box78
\l__siunitx_angle_unit_box=\box79
\l__siunitx_angle_marker_dim=\dimen285
\l__siunitx_angle_unit_dim=\dimen286
\l__siunitx_unit_int=\count292
\l__siunitx_unit_denominator_int=\count293
\l__siunitx_unit_numerator_int=\count294
\l__siunitx_unit_prefix_int=\count295
\l__siunitx_unit_prefix_base_int=\count296
\l__siunitx_unit_prefix_gram_int=\count297
\l__siunitx_number_product_int=\count298
\c__siunitx_one_fill_skip=\skip85
\l__siunitx_table_unit_align_skip=\skip86
\l__siunitx_table_exponent_dim=\dimen287
\l__siunitx_table_integer_dim=\dimen288
\l__siunitx_table_mantissa_dim=\dimen289
\l__siunitx_table_marker_dim=\dimen290
\l__siunitx_table_result_dim=\dimen291
\l__siunitx_table_uncert_dim=\dimen292
\l__siunitx_table_fill_pre_dim=\dimen293
\l__siunitx_table_fill_post_dim=\dimen294
\l__siunitx_table_fill_mid_dim=\dimen295
\l__siunitx_table_pre_box=\box80
\l__siunitx_table_post_box=\box81
\l__siunitx_table_mantissa_box=\box82
\l__siunitx_table_result_box=\box83
\l__siunitx_table_number_align_skip=\skip87
\l__siunitx_table_text_align_skip=\skip88
.................................................
. LaTeX info: "xparse/define-command"
. 
. Defining command \DeclareBinaryPrefix with sig. 'mmm' on line 7250.
.................................................
.................................................
. LaTeX info: "xparse/define-command"
. 
. Defining command \DeclareSIPostPower with sig. 'mm' on line 7253.
.................................................
.................................................
. LaTeX info: "xparse/define-command"
. 
. Defining command \DeclareSIPrefix with sig. 'mmm' on line 7256.
.................................................
.................................................
. LaTeX info: "xparse/define-command"
. 
. Defining command \DeclareSIPrePower with sig. 'mm' on line 7259.
.................................................
.................................................
. LaTeX info: "xparse/define-command"
. 
. Defining command \DeclareSIQualifier with sig. 'mm' on line 7262.
.................................................
.................................................
. LaTeX info: "xparse/define-command"
. 
. Defining command \DeclareSIUnit with sig. 'O{}mm' on line 7265.
.................................................
.................................................
. LaTeX info: "xparse/define-command"
. 
. Defining command \DeclareSIUnitWithOptions with sig. 'mmm' on line 7268.
.................................................
.................................................
. LaTeX info: "xparse/define-command"
. 
. Defining command \ang with sig. 'o>{\SplitArgument {2}{;}}m' on line 7283.
.................................................
.................................................
. LaTeX info: "xparse/define-command"
. 
. Defining command \num with sig. 'om' on line 7292.
.................................................
.................................................
. LaTeX info: "xparse/define-command"
. 
. Defining command \numlist with sig. 'o>{\SplitList {;}}m' on line 7301.
.................................................
.................................................
. LaTeX info: "xparse/define-command"
. 
. Defining command \numrange with sig. 'omm' on line 7310.
.................................................
.................................................
. LaTeX info: "xparse/define-command"
. 
. Defining command \SIlist with sig. 'o>{\SplitList {;}}mm' on line 7322.
.................................................
.................................................
. LaTeX info: "xparse/define-command"
. 
. Defining command \SIrange with sig. 'ommm' on line 7334.
.................................................
.................................................
. LaTeX info: "xparse/define-command"
. 
. Defining command \SI with sig. 'omom' on line 7346.
.................................................
.................................................
. LaTeX info: "xparse/define-command"
. 
. Defining command \sisetup with sig. 'm' on line 7349.
.................................................
.................................................
. LaTeX info: "xparse/define-command"
. 
. Defining command \tablenum with sig. 'om' on line 7364.
.................................................
.................................................
. LaTeX info: "xparse/define-command"
. 
. Defining command \si with sig. 'om' on line 7376.
.................................................
.................................................
. LaTeX info: "xparse/define-command"
. 
. Defining command \numInBookmark with sig. 'om' on line 7423.
.................................................
.................................................
. LaTeX info: "xparse/define-command"
. 
. Defining command \numrangeInBookmark with sig. 'omm' on line 7425.
.................................................
.................................................
. LaTeX info: "xparse/define-command"
. 
. Defining command \SIInBookmark with sig. 'omom' on line 7427.
.................................................
.................................................
. LaTeX info: "xparse/define-command"
. 
. Defining command \SIlistInBookmark with sig. 'omm' on line 7429.
.................................................
.................................................
. LaTeX info: "xparse/define-command"
. 
. Defining command \SIrangeInBookmark with sig. 'ommm' on line 7431.
.................................................
.................................................
. LaTeX info: "xparse/define-command"
. 
. Defining command \siInBookmark with sig. 'om' on line 7432.
.................................................
\g__file_internal_ior=\read1

(/usr/share/texlive/texmf-dist/tex/latex/translator/translator.sty
Package: translator 2018/01/04 v1.12 Easy translation of strings in LaTeX
))
(./NAR-sample.aux)
\openout1 = `NAR-sample.aux'.

LaTeX Font Info:    Checking defaults for OML/cmm/m/it on input line 20.
LaTeX Font Info:    ... okay on input line 20.
LaTeX Font Info:    Checking defaults for T1/cmr/m/n on input line 20.
LaTeX Font Info:    ... okay on input line 20.
LaTeX Font Info:    Checking defaults for OT1/cmr/m/n on input line 20.
LaTeX Font Info:    ... okay on input line 20.
LaTeX Font Info:    Checking defaults for OMS/cmsy/m/n on input line 20.
LaTeX Font Info:    ... okay on input line 20.
LaTeX Font Info:    Checking defaults for OMX/cmex/m/n on input line 20.
LaTeX Font Info:    ... okay on input line 20.
LaTeX Font Info:    Checking defaults for U/cmr/m/n on input line 20.
LaTeX Font Info:    ... okay on input line 20.
LaTeX Font Info:    Checking defaults for TS1/cmr/m/n on input line 20.
LaTeX Font Info:    Try loading font information for TS1+cmr on input line 20.
 (/usr/share/texlive/texmf-dist/tex/latex/base/ts1cmr.fd
File: ts1cmr.fd 2014/09/29 v2.5h Standard LaTeX font definitions
)
LaTeX Font Info:    ... okay on input line 20.
LaTeX Font Info:    Try loading font information for OT1+ptm on input line 20.

(/usr/share/texlive/texmf-dist/tex/latex/psnfss/ot1ptm.fd
File: ot1ptm.fd 2001/06/04 font definitions for OT1/ptm.
)
(/usr/share/texlive/texmf-dist/tex/context/base/mkii/supp-pdf.mkii
[Loading MPS to PDF converter (version 2006.09.02).]
\scratchcounter=\count299
\scratchdimen=\dimen296
\scratchbox=\box84
\nofMPsegments=\count300
\nofMParguments=\count301
\everyMPshowfont=\toks39
\MPscratchCnt=\count302
\MPscratchDim=\dimen297
\MPnumerator=\count303
\makeMPintoPDFobject=\count304
\everyMPtoPDFconversion=\toks40
) (/usr/share/texlive/texmf-dist/tex/latex/oberdiek/epstopdf-base.sty
Package: epstopdf-base 2016/05/15 v2.6 Base part for package epstopdf

(/usr/share/texlive/texmf-dist/tex/generic/oberdiek/infwarerr.sty
Package: infwarerr 2016/05/16 v1.4 Providing info/warning/error messages (HO)
)
(/usr/share/texlive/texmf-dist/tex/latex/oberdiek/grfext.sty
Package: grfext 2016/05/16 v1.2 Manage graphics extensions (HO)

(/usr/share/texlive/texmf-dist/tex/generic/oberdiek/kvdefinekeys.sty
Package: kvdefinekeys 2016/05/16 v1.4 Define keys (HO)

(/usr/share/texlive/texmf-dist/tex/generic/oberdiek/ltxcmds.sty
Package: ltxcmds 2016/05/16 v1.23 LaTeX kernel commands for general use (HO)
)))
(/usr/share/texlive/texmf-dist/tex/latex/oberdiek/kvoptions.sty
Package: kvoptions 2016/05/16 v3.12 Key value format for package options (HO)

(/usr/share/texlive/texmf-dist/tex/generic/oberdiek/kvsetkeys.sty
Package: kvsetkeys 2016/05/16 v1.17 Key value parser (HO)

(/usr/share/texlive/texmf-dist/tex/generic/oberdiek/etexcmds.sty
Package: etexcmds 2016/05/16 v1.6 Avoid name clashes with e-TeX commands (HO)

(/usr/share/texlive/texmf-dist/tex/generic/oberdiek/ifluatex.sty
Package: ifluatex 2016/05/16 v1.4 Provides the ifluatex switch (HO)
Package ifluatex Info: LuaTeX not detected.
)
Package etexcmds Info: Could not find \expanded.
(etexcmds)             That can mean that you are not using pdfTeX 1.50 or
(etexcmds)             that some package has redefined \expanded.
(etexcmds)             In the latter case, load this package earlier.
)))
(/usr/share/texlive/texmf-dist/tex/generic/oberdiek/pdftexcmds.sty
Package: pdftexcmds 2018/01/21 v0.26 Utility functions of pdfTeX for LuaTeX (HO
)

(/usr/share/texlive/texmf-dist/tex/generic/oberdiek/ifpdf.sty
Package: ifpdf 2017/03/15 v3.2 Provides the ifpdf switch
)
Package pdftexcmds Info: LuaTeX not detected.
Package pdftexcmds Info: \pdf@primitive is available.
Package pdftexcmds Info: \pdf@ifprimitive is available.
Package pdftexcmds Info: \pdfdraftmode found.
)
Package epstopdf-base Info: Redefining graphics rule for `.eps' on input line 4
38.
Package grfext Info: Graphics extension search list:
(grfext)             [.pdf,.png,.jpg,.mps,.jpeg,.jbig2,.jb2,.PDF,.PNG,.JPG,.JPE
G,.JBIG2,.JB2,.eps]
(grfext)             \AppendGraphicsExtensions on input line 456.

(/usr/share/texlive/texmf-dist/tex/latex/latexconfig/epstopdf-sys.cfg
File: epstopdf-sys.cfg 2010/07/13 v1.3 Configuration of (r)epstopdf for TeX Liv
e
))
(/usr/share/texlive/texmf-dist/tex/latex/translator/translator-basic-dictionary
-English.dict
Dictionary: translator-basic-dictionary, Language: English 
)
(/usr/share/texlive/texmf-dist/tex/latex/siunitx/siunitx-abbreviations.cfg
File: siunitx-abbreviations.cfg 2017/11/26 v2.7k siunitx: Abbreviated units
)
\c__siunitx_mathsf_int=\count305
LaTeX Font Info:    Try loading font information for U+msa on input line 20.

(/usr/share/texlive/texmf-dist/tex/latex/amsfonts/umsa.fd
File: umsa.fd 2013/01/14 v3.01 AMS symbols A
)
LaTeX Font Info:    Try loading font information for U+msb on input line 20.

(/usr/share/texlive/texmf-dist/tex/latex/amsfonts/umsb.fd
File: umsb.fd 2013/01/14 v3.01 AMS symbols B
)
LaTeX Font Info:    Try loading font information for U+lasy on input line 20.

(/usr/share/texlive/texmf-dist/tex/latex/base/ulasy.fd
File: ulasy.fd 1998/08/17 v2.2e LaTeX symbol font definitions
)
\c__siunitx_mathtt_int=\count306


LaTeX Font Warning: Font shape `OT1/cmss/b/n' undefined
(Font)              using `OT1/cmss/m/n' instead on input line 46.


LaTeX Font Warning: Font shape `OT1/cmss/m/n' in size <20> not available
(Font)              size <20.74> substituted on input line 46.


LaTeX Font Warning: Font shape `OT1/cmss/b/n' in size <20> not available
(Font)              size <20.74> substituted on input line 46.


LaTeX Font Warning: Font shape `OT1/cmss/n/n' undefined
(Font)              using `OT1/cmss/m/n' instead on input line 46.


Overfull \hbox (267.0pt too wide) in paragraph at lines 46--46
[][] 
 []


Underfull \hbox (badness 3872) in paragraph at lines 48--51
\OT1/cmss/b/n/10 and reusable storage of pharmacokinetics data. We
 []


Underfull \hbox (badness 1194) in paragraph at lines 48--51
\OT1/cmss/b/n/10 (e.g., age, body weight, smoking status); (ii) applied
 []


Underfull \hbox (badness 1931) in paragraph at lines 48--51
\OT1/cmss/b/n/10 and (iii) measured pharmacokinetics time-courses and
 []


Underfull \hbox (badness 1515) in paragraph at lines 48--51
\OT1/cmss/b/n/10 and normalisation of units, annotation of information
 []


Underfull \hbox (badness 3579) in paragraph at lines 48--51
\OT1/cmss/b/n/10 population pharmacokinetic (pop PK) modeling. We
 []

LaTeX Font Info:    Font shape `OT1/ptm/bx/n' in size <10> not available
(Font)              Font shape `OT1/ptm/b/n' tried instead on input line 54.

Underfull \hbox (badness 1472) in paragraph at lines 54--55
\OT1/ptm/m/n/10 related information such as age, weight, sex or disease
 []


Underfull \hbox (badness 2050) in paragraph at lines 56--59
[]\OT1/ptm/m/n/10 A multitude of publications have been written about
 []


Underfull \hbox (badness 2326) in paragraph at lines 56--59
\OT1/ptm/m/n/10 data in the literature and the requirement for pharma-
 []


Underfull \hbox (badness 1609) in paragraph at lines 56--59
\OT1/ptm/m/n/10 companies to perform such experiments before bringing
 []


Underfull \hbox (badness 1502) in paragraph at lines 56--59
\OT1/ptm/m/n/10 and population-related meta-information complicates data
 []


Underfull \hbox (badness 3977) in paragraph at lines 56--59
\OT1/ptm/m/n/10 ways ([], [], []). Physiologically based pharmacokinetic
 []


Underfull \hbox (badness 2884) in paragraph at lines 71--78
\OT1/ptm/m/n/10 Biologically motivated data like substances or diseases
 []


Underfull \hbox (badness 1596) in paragraph at lines 71--78
\OT1/ptm/m/n/10 are annotated to biological ontologies. This enables the
 []


Underfull \hbox (badness 1067) in paragraph at lines 71--78
\OT1/ptm/m/n/10 narrow problem domain but allows simple extensions to
 []


Underfull \hbox (badness 1502) in paragraph at lines 71--78
\OT1/ptm/m/n/10 for a given problem domain; \OT1/ptm/b/n/10 (iii) tracking chan
ges in
 []


Underfull \hbox (badness 1484) in paragraph at lines 71--78
\OT1/ptm/m/n/10 data is converted between molar units and gram, using
 []


Underfull \hbox (badness 1168) in paragraph at lines 71--78
\OT1/ptm/m/n/10 thereby the molecular mass of the respective substances
 []


Underfull \hbox (badness 5924) in paragraph at lines 71--78
\OT1/ptm/m/n/10 substance and its metabolites after biotransformations.
 []


Underfull \hbox (badness 2452) in paragraph at lines 71--78
\OT1/ptm/m/n/10 using physiologically based pharmacokinetic (PBPK) or
 []


Underfull \hbox (badness 1028) in paragraph at lines 71--78
\OT1/ptm/m/n/10 pharmacokinetics/pharmacodynamics (PK/PD) models. On
 []


Underfull \hbox (badness 1406) in paragraph at lines 71--78
\OT1/ptm/m/n/10 minimum relevant information, instance cross-referencing
 []


Underfull \vbox (badness 10000) has occurred while \output is active []

LaTeX Font Info:    Font shape `OT1/ptm/bx/it' in size <10> not available
(Font)              Font shape `OT1/ptm/b/it' tried instead on input line 78.
LaTeX Font Info:    Calculating math sizes for size <7.5> on input line 78.


LaTeX Font Warning: Font shape `OT1/cmr/m/n' in size <7.5> not available
(Font)              size <7> substituted on input line 78.


LaTeX Font Warning: Font shape `OT1/cmr/m/n' in size <3.75> not available
(Font)              size <5> substituted on input line 78.


LaTeX Font Warning: Font shape `OML/cmm/m/it' in size <7.5> not available
(Font)              size <7> substituted on input line 78.


LaTeX Font Warning: Font shape `OML/cmm/m/it' in size <3.75> not available
(Font)              size <5> substituted on input line 78.


LaTeX Font Warning: Font shape `OMS/cmsy/m/n' in size <7.5> not available
(Font)              size <7> substituted on input line 78.


LaTeX Font Warning: Font shape `OMS/cmsy/m/n' in size <3.75> not available
(Font)              size <5> substituted on input line 78.


LaTeX Font Warning: Font shape `OT1/cmss/m/n' in size <7.5> not available
(Font)              size <7> substituted on input line 78.


LaTeX Font Warning: Font shape `OT1/cmss/m/n' in size <3.75> not available
(Font)              size <5> substituted on input line 78.


LaTeX Font Warning: Font shape `OT1/cmtt/m/n' in size <7.5> not available
(Font)              size <7> substituted on input line 78.


LaTeX Font Warning: Font shape `OT1/cmtt/m/n' in size <3.75> not available
(Font)              size <5> substituted on input line 78.


LaTeX Font Warning: Font shape `U/lasy/m/n' in size <7.5> not available
(Font)              size <7> substituted on input line 78.


LaTeX Font Warning: Font shape `U/lasy/m/n' in size <3.75> not available
(Font)              size <5> substituted on input line 78.

LaTeX Font Info:    Try loading font information for TS1+ptm on input line 78.
(/usr/share/texlive/texmf-dist/tex/latex/psnfss/ts1ptm.fd
File: ts1ptm.fd 2001/06/04 font definitions for TS1/ptm.
) [1{/var/lib/texmf/fonts/map/pdftex/updmap/pdftex.map}


]
Underfull \hbox (badness 1460) in paragraph at lines 79--81
\OT1/ptm/m/n/10 at https://pk-db.com/api/ via a REST API based on the
 []


Underfull \hbox (badness 1189) in paragraph at lines 79--81
\OT1/ptm/m/n/10 REST API as a central access point to the database is
 []


Underfull \hbox (badness 1189) in paragraph at lines 79--81
\OT1/ptm/m/n/10 cases demonstrate the usefulness of our approach. First,
 []


Underfull \vbox (badness 10000) has occurred while \output is active []

<NAR-fig1.png, id=18, 234.8775pt x 155.6214pt>
File: NAR-fig1.png Graphic file (type png)
<use NAR-fig1.png>
Package pdftex.def Info: NAR-fig1.png  used on input line 89.
(pdftex.def)             Requested size: 234.87692pt x 155.621pt.
LaTeX Font Info:    Font shape `OT1/ptm/bx/n' in size <8> not available
(Font)              Font shape `OT1/ptm/b/n' tried instead on input line 91.

Underfull \hbox (badness 10000) in paragraph at lines 96--97
\OT1/ptm/m/n/10 time curves. These most prominent pharmacokinetic
 []


Underfull \hbox (badness 4543) in paragraph at lines 96--97
\OT1/ptm/m/n/10 parameters are calculated based on non-compartmental
 []


Underfull \hbox (badness 1147) in paragraph at lines 96--97
\OT1/ptm/m/n/10 Mathematically strict, first the PK parameters should be
 []


Underfull \hbox (badness 3930) in paragraph at lines 96--97
\OT1/ptm/m/n/10 calculated for each participant individually and finally
 []

[2]
<NAR-fig2.png, id=24, 239.2137pt x 223.5552pt>
File: NAR-fig2.png Graphic file (type png)
<use NAR-fig2.png>
Package pdftex.def Info: NAR-fig2.png  used on input line 100.
(pdftex.def)             Requested size: 239.2131pt x 223.55464pt.


LaTeX Warning: Command \c invalid in math mode on input line 156.


LaTeX Warning: Command \c invalid in math mode on input line 156.


Underfull \hbox (badness 10000) in alignment at lines 156--156
[][][][][] 
 []


LaTeX Warning: Command \c invalid in math mode on input line 156.


LaTeX Warning: Command \c invalid in math mode on input line 156.


Underfull \hbox (badness 10000) in alignment at lines 156--156
[][][][][] 
 []


Underfull \hbox (badness 1533) in paragraph at lines 160--161
\OT1/ptm/m/n/10 glucose, codeine, or paracetamol (see Figure 3[] and for
 []

<NAR-fig3.png, id=25, 506.3718pt x 256.0767pt>
File: NAR-fig3.png Graphic file (type png)
<use NAR-fig3.png>
Package pdftex.def Info: NAR-fig3.png  used on input line 165.
(pdftex.def)             Requested size: 506.37054pt x 256.07608pt.

Underfull \hbox (badness 1655) in paragraph at lines 175--179
\OT1/ptm/m/n/10 of the effect of lifestyle factors like smoking and oral
 []


Underfull \hbox (badness 1205) in paragraph at lines 180--187
\OT1/ptm/m/n/10 combination of both, the validation rules and the meta-
 []

[3 <./NAR-fig1.png> <./NAR-fig2.png>]
<NAR-fig4.png, id=31, 506.6127pt x 481.0773pt>
File: NAR-fig4.png Graphic file (type png)
<use NAR-fig4.png>
Package pdftex.def Info: NAR-fig4.png  used on input line 190.
(pdftex.def)             Requested size: 506.61145pt x 481.07613pt.

Underfull \hbox (badness 10000) in paragraph at lines 199--202
\OT1/ptm/m/n/10 PK-DB is the first publicly available database for
 []


Underfull \hbox (badness 2005) in paragraph at lines 199--202
\OT1/ptm/m/n/10 pharmacokinetics data. We could demonstrate the value
 []


Underfull \hbox (badness 1824) in paragraph at lines 199--202
\OT1/ptm/m/n/10 group information the stratification and individualization
 []


Underfull \hbox (badness 1968) in paragraph at lines 199--202
\OT1/ptm/m/n/10 of the available data sets. By providing the first open
 []


Underfull \hbox (badness 1558) in paragraph at lines 203--206
\OT1/ptm/m/n/10 in a machine-readable format (e.g., a data table in the
 []


Underfull \hbox (badness 1194) in paragraph at lines 203--206
\OT1/ptm/m/n/10 all data for the groups. Most studies only report group
 []


Underfull \hbox (badness 1152) in paragraph at lines 203--206
\OT1/ptm/m/n/10 publications. It is impossible to integrate such data. An
 []


Underfull \vbox (badness 10000) has occurred while \output is active []

 [4 <./NAR-fig3.png>]
Underfull \vbox (badness 10000) has occurred while \output is active []


Underfull \vbox (badness 10000) has occurred while \output is active []

 [5 <./NAR-fig4.png>]
Underfull \hbox (badness 7832) in paragraph at lines 235--238
\OT1/ptm/m/n/8 Hofmann, Ute, Schwab, Matthias and Geisslinger, Gerd (2006)
 []


Underfull \hbox (badness 6173) in paragraph at lines 247--250
\OT1/ptm/m/n/8 modeling, simulation, and model-based drug development  \OT1/ptm
/m/it/8 CPT
 []


Underfull \hbox (badness 5756) in paragraph at lines 253--256
\OT1/ptm/m/n/8 modeling, simulation, and model-based drug development - Part
 []


Underfull \hbox (badness 10000) in paragraph at lines 253--256
\OT1/ptm/m/n/8 2: Introduction to pharmacokinetic modeling methods  \OT1/ptm/m/
it/8 CPT
 []


Underfull \hbox (badness 10000) in paragraph at lines 259--262
\OT1/ptm/m/n/8 modeling, simulation, and model-based drug development: Part
 []


Underfull \hbox (badness 10000) in paragraph at lines 259--262
\OT1/ptm/m/n/8 3-introduction to pharmacodynamic modeling methods  \OT1/ptm/m/i
t/8 CPT
 []


Underfull \hbox (badness 1412) in paragraph at lines 271--274
[]\OT1/ptm/m/n/8 Sioutos, Nicholas et al. (2007) NCI Thesaurus: A semantic mode
l
 []


Underfull \hbox (badness 1168) in paragraph at lines 277--280
\OT1/ptm/m/n/8 Ontology (HPO) knowledge base and resources \OT1/ptm/m/it/8 Nucl
eic Acids Res.\OT1/ptm/m/n/8 ,
 []


Underfull \hbox (badness 3746) in paragraph at lines 341--344
[]\OT1/ptm/m/n/8 Balogh A1, Harder S, Vollandt R, Staib AH. (1992) Population
 []


Underfull \hbox (badness 3735) in paragraph at lines 354--357
[]\OT1/ptm/m/n/8 Seng, K. Y. ,Fun, C. Y. ,Law, Y. L. et al. (2009) Population
 []

Missing character: There is no Ã in font ptmr7t!
Missing character: There is no ³ in font ptmr7t!
Missing character: There is no Ã in font ptmr7t!
Missing character: There is no ­ in font ptmr7t!

Underfull \hbox (badness 1122) in paragraph at lines 371--374
[]\OT1/ptm/m/n/8 Kanji, S., Hayes, M., Ling, A., et al. (2015) Reporting Guidel
ines
 []


Underfull \hbox (badness 2809) in paragraph at lines 371--374
\OT1/ptm/m/n/8 for Clinical Pharmacokinetic Studies: The ClinPK Statement \OT1/
ptm/m/it/8 Clin.
 []


Underfull \vbox (badness 10000) has occurred while \output is active []

 [6]
[7

] (./NAR-sample.aux)

LaTeX Font Warning: Size substitutions with differences
(Font)              up to 1.25pt have occurred.


LaTeX Font Warning: Some font shapes were not available, defaults substituted.

 ) 
Here is how much of TeX's memory you used:
 16028 strings out of 492982
 314853 string characters out of 6134897
 371441 words of memory out of 5000000
 19371 multiletter control sequences out of 15000+600000
 559516 words of font info for 99 fonts, out of 8000000 for 9000
 1150 hyphenation exceptions out of 8191
 41i,17n,36p,10382b,671s stack positions out of 5000i,500n,10000p,200000b,80000s
{/usr/share/texlive/texmf-dist/fonts/enc/dvips/base/8r.enc}</usr/share/texliv
e/texmf-dist/fonts/type1/public/amsfonts/cm/cmmi6.pfb></usr/share/texlive/texmf
-dist/fonts/type1/public/amsfonts/cm/cmmi8.pfb></usr/share/texlive/texmf-dist/f
onts/type1/public/amsfonts/cm/cmr10.pfb></usr/share/texlive/texmf-dist/fonts/ty
pe1/public/amsfonts/cm/cmr5.pfb></usr/share/texlive/texmf-dist/fonts/type1/publ
ic/amsfonts/cm/cmr6.pfb></usr/share/texlive/texmf-dist/fonts/type1/public/amsfo
nts/cm/cmr8.pfb></usr/share/texlive/texmf-dist/fonts/type1/public/amsfonts/cm/c
mss10.pfb></usr/share/texlive/texmf-dist/fonts/type1/public/amsfonts/cm/cmss12.
pfb></usr/share/texlive/texmf-dist/fonts/type1/public/amsfonts/cm/cmss17.pfb></
usr/share/texlive/texmf-dist/fonts/type1/public/amsfonts/cm/cmss8.pfb></usr/sha
re/texlive/texmf-dist/fonts/type1/public/amsfonts/cm/cmsy6.pfb></usr/share/texl
ive/texmf-dist/fonts/type1/public/amsfonts/cm/cmsy7.pfb></usr/share/texlive/tex
mf-dist/fonts/type1/public/amsfonts/cm/cmsy8.pfb></usr/share/texlive/texmf-dist
/fonts/type1/public/amsfonts/latxfont/lcircle1.pfb></usr/share/texlive/texmf-di
st/fonts/type1/urw/times/utmb8a.pfb></usr/share/texlive/texmf-dist/fonts/type1/
urw/times/utmbi8a.pfb></usr/share/texlive/texmf-dist/fonts/type1/urw/times/utmr
8a.pfb></usr/share/texlive/texmf-dist/fonts/type1/urw/times/utmri8a.pfb>
Output written on NAR-sample.pdf (7 pages, 2060978 bytes).
PDF statistics:
 110 PDF objects out of 1000 (max. 8388607)
 74 compressed objects within 1 object stream
 0 named destinations out of 1000 (max. 500000)
 21 words of extra memory for PDF output out of 10000 (max. 10000000)

